AH00558: httpd.exe: Could not reliably determine the server's fully qualified domain name, using fe80::b432:8ba8:8d7b:f19a. Set the 'ServerName' directive globally to suppress this message
[Fri Jan 15 12:42:49.846259 2021] [mpm_winnt:notice] [pid 1036:tid 788] AH00455: Apache/2.4.43 (Win32) configured -- resuming normal operations
[Fri Jan 15 12:42:49.848240 2021] [mpm_winnt:notice] [pid 1036:tid 788] AH00456: Server built: Apr 21 2020 13:46:54
[Fri Jan 15 12:42:49.848240 2021] [core:notice] [pid 1036:tid 788] AH00094: Command line: 'C:\\Users\\seria\\AppData\\Roaming\\Local\\lightning-services\\apache-2.4.43+6\\bin\\win32\\bin\\httpd.exe -d C:/Users/seria/AppData/Roaming/Local/lightning-services/apache-2.4.43+6/bin/win32 -D FOREGROUND -f C:\\Users\\seria\\AppData\\Roaming\\Local\\run\\SZjY8Qdm4\\conf\\apache\\apache2.conf'
[Fri Jan 15 12:42:49.857223 2021] [mpm_winnt:notice] [pid 1036:tid 788] AH00418: Parent: Created child process 7664
AH00558: httpd.exe: Could not reliably determine the server's fully qualified domain name, using fe80::b432:8ba8:8d7b:f19a. Set the 'ServerName' directive globally to suppress this message
AH00558: httpd.exe: Could not reliably determine the server's fully qualified domain name, using fe80::b432:8ba8:8d7b:f19a. Set the 'ServerName' directive globally to suppress this message
[Fri Jan 15 12:42:51.537413 2021] [mpm_winnt:notice] [pid 7664:tid 804] AH00354: Child: Starting 64 worker threads.
AH00558: httpd.exe: Could not reliably determine the server's fully qualified domain name, using fe80::b432:8ba8:8d7b:f19a. Set the 'ServerName' directive globally to suppress this message
[Fri Jan 15 14:36:18.476450 2021] [core:warn] [pid 15500:tid 740] AH00098: pid file C:/Users/seria/AppData/Roaming/Local/run/SZjY8Qdm4/apache/logs/httpd.pid overwritten -- Unclean shutdown of previous Apache run?
[Fri Jan 15 14:36:18.481437 2021] [mpm_winnt:notice] [pid 15500:tid 740] AH00455: Apache/2.4.43 (Win32) configured -- resuming normal operations
[Fri Jan 15 14:36:18.481437 2021] [mpm_winnt:notice] [pid 15500:tid 740] AH00456: Server built: Apr 21 2020 13:46:54
[Fri Jan 15 14:36:18.481437 2021] [core:notice] [pid 15500:tid 740] AH00094: Command line: 'C:\\Users\\seria\\AppData\\Roaming\\Local\\lightning-services\\apache-2.4.43+6\\bin\\win32\\bin\\httpd.exe -d C:/Users/seria/AppData/Roaming/Local/lightning-services/apache-2.4.43+6/bin/win32 -D FOREGROUND -f C:\\Users\\seria\\AppData\\Roaming\\Local\\run\\SZjY8Qdm4\\conf\\apache\\apache2.conf'
[Fri Jan 15 14:36:18.488888 2021] [mpm_winnt:notice] [pid 15500:tid 740] AH00418: Parent: Created child process 15016
AH00558: httpd.exe: Could not reliably determine the server's fully qualified domain name, using fe80::b432:8ba8:8d7b:f19a. Set the 'ServerName' directive globally to suppress this message
AH00558: httpd.exe: Could not reliably determine the server's fully qualified domain name, using fe80::b432:8ba8:8d7b:f19a. Set the 'ServerName' directive globally to suppress this message
[Fri Jan 15 14:36:20.805341 2021] [mpm_winnt:notice] [pid 15016:tid 868] AH00354: Child: Starting 64 worker threads.
AH00558: httpd.exe: Could not reliably determine the server's fully qualified domain name, using fe80::b432:8ba8:8d7b:f19a. Set the 'ServerName' directive globally to suppress this message
[Fri Jan 15 17:19:42.457831 2021] [core:warn] [pid 10784:tid 804] AH00098: pid file C:/Users/seria/AppData/Roaming/Local/run/SZjY8Qdm4/apache/logs/httpd.pid overwritten -- Unclean shutdown of previous Apache run?
[Fri Jan 15 17:19:42.463251 2021] [mpm_winnt:notice] [pid 10784:tid 804] AH00455: Apache/2.4.43 (Win32) configured -- resuming normal operations
[Fri Jan 15 17:19:42.463251 2021] [mpm_winnt:notice] [pid 10784:tid 804] AH00456: Server built: Apr 21 2020 13:46:54
[Fri Jan 15 17:19:42.463251 2021] [core:notice] [pid 10784:tid 804] AH00094: Command line: 'C:\\Users\\seria\\AppData\\Roaming\\Local\\lightning-services\\apache-2.4.43+6\\bin\\win32\\bin\\httpd.exe -d C:/Users/seria/AppData/Roaming/Local/lightning-services/apache-2.4.43+6/bin/win32 -D FOREGROUND -f C:\\Users\\seria\\AppData\\Roaming\\Local\\run\\SZjY8Qdm4\\conf\\apache\\apache2.conf'
[Fri Jan 15 17:19:42.470819 2021] [mpm_winnt:notice] [pid 10784:tid 804] AH00418: Parent: Created child process 9072
[Mon Jan 18 09:13:14.347208 2021] [core:warn] [pid 12792:tid 636] AH00098: pid file C:/Users/seria/AppData/Roaming/Local/run/SZjY8Qdm4/apache/logs/httpd.pid overwritten -- Unclean shutdown of previous Apache run?
[Mon Jan 18 09:13:14.352194 2021] [mpm_winnt:notice] [pid 12792:tid 636] AH00455: Apache/2.4.43 (Win32) configured -- resuming normal operations
[Mon Jan 18 09:13:14.353191 2021] [mpm_winnt:notice] [pid 12792:tid 636] AH00456: Server built: Apr 21 2020 13:46:54
[Mon Jan 18 09:13:14.353191 2021] [core:notice] [pid 12792:tid 636] AH00094: Command line: 'C:\\Users\\seria\\AppData\\Roaming\\Local\\lightning-services\\apache-2.4.43+6\\bin\\win32\\bin\\httpd.exe -d C:/Users/seria/AppData/Roaming/Local/lightning-services/apache-2.4.43+6/bin/win32 -D FOREGROUND -f C:\\Users\\seria\\AppData\\Roaming\\Local\\run\\SZjY8Qdm4\\conf\\apache\\apache2.conf'
[Mon Jan 18 09:13:14.362228 2021] [mpm_winnt:notice] [pid 12792:tid 636] AH00418: Parent: Created child process 3780
[Mon Jan 18 09:13:16.700555 2021] [mpm_winnt:notice] [pid 3780:tid 860] AH00354: Child: Starting 64 worker threads.
AH00558: httpd.exe: Could not reliably determine the server's fully qualified domain name, using fe80::b432:8ba8:8d7b:f19a. Set the 'ServerName' directive globally to suppress this message
[Tue Jan 19 09:43:20.841771 2021] [core:warn] [pid 13256:tid 776] AH00098: pid file C:/Users/seria/AppData/Roaming/Local/run/SZjY8Qdm4/apache/logs/httpd.pid overwritten -- Unclean shutdown of previous Apache run?
[Tue Jan 19 09:43:20.846759 2021] [mpm_winnt:notice] [pid 13256:tid 776] AH00455: Apache/2.4.43 (Win32) configured -- resuming normal operations
[Tue Jan 19 09:43:20.846759 2021] [mpm_winnt:notice] [pid 13256:tid 776] AH00456: Server built: Apr 21 2020 13:46:54
[Tue Jan 19 09:43:20.846759 2021] [core:notice] [pid 13256:tid 776] AH00094: Command line: 'C:\\Users\\seria\\AppData\\Roaming\\Local\\lightning-services\\apache-2.4.43+6\\bin\\win32\\bin\\httpd.exe -d C:/Users/seria/AppData/Roaming/Local/lightning-services/apache-2.4.43+6/bin/win32 -D FOREGROUND -f C:\\Users\\seria\\AppData\\Roaming\\Local\\run\\SZjY8Qdm4\\conf\\apache\\apache2.conf'
[Tue Jan 19 09:43:20.853740 2021] [mpm_winnt:notice] [pid 13256:tid 776] AH00418: Parent: Created child process 17296
AH00558: httpd.exe: Could not reliably determine the server's fully qualified domain name, using fe80::b432:8ba8:8d7b:f19a. Set the 'ServerName' directive globally to suppress this message
AH00558: httpd.exe: Could not reliably determine the server's fully qualified domain name, using fe80::b432:8ba8:8d7b:f19a. Set the 'ServerName' directive globally to suppress this message
[Tue Jan 19 09:43:22.316290 2021] [mpm_winnt:notice] [pid 17296:tid 788] AH00354: Child: Starting 64 worker threads.
