[Fri Jan 15 12:47:33.639654 2021] [proxy_fcgi:error] [pid 7664:tid 1260] (70007)The timeout specified has expired: [client ::1:49557] AH01075: Error dispatching request to :10004: (polling), referer: http://localhost:10004/wp-admin/update-core.php?force-check=1
[Fri Jan 15 12:47:33.655508 2021] [proxy_fcgi:error] [pid 7664:tid 1284] (70007)The timeout specified has expired: [client ::1:49572] AH01075: Error dispatching request to :10004: (polling), referer: http://localhost:10004/wp-admin/upgrade.php?step=upgrade_db
[Fri Jan 15 12:53:40.394352 2021] [access_compat:error] [pid 7664:tid 1260] [client ::1:49736] AH01797: client denied by server configuration: C:/Users/seria/Local Sites/helloween/app/public/wp-content/uploads/woocommerce_uploads/, referer: http://localhost:10004/wp-content/uploads/woocommerce_uploads/
[Fri Jan 15 12:56:57.405847 2021] [proxy_fcgi:error] [pid 7664:tid 1296] (70007)The timeout specified has expired: [client ::1:49865] AH01075: Error dispatching request to :10004: (polling), referer: http://localhost:10004/wp-admin/plugin-install.php?s=yoast%20seo&tab=search&type=term
[Fri Jan 15 14:26:48.224484 2021] [proxy_fcgi:error] [pid 7664:tid 1260] [client ::1:61953] AH01067: Failed to read FastCGI header, referer: http://localhost:10004/wp-admin/admin-ajax.php?action=wp_1_wc_regenerate_images&nonce=8f6b1374e3
[Fri Jan 15 14:26:48.225482 2021] [proxy_fcgi:error] [pid 7664:tid 1276] [client ::1:61958] AH01067: Failed to read FastCGI header, referer: http://localhost:10004/wp-admin/admin-ajax.php?action=wp_1_wc_regenerate_images&nonce=f43600d15f
[Fri Jan 15 14:26:48.225482 2021] [proxy_fcgi:error] [pid 7664:tid 1232] [client ::1:61961] AH01067: Failed to read FastCGI header, referer: http://localhost:10004/wp-cron.php?doing_wp_cron=1610717206.6353170871734619140625
[Fri Jan 15 14:26:48.225482 2021] [proxy_fcgi:error] [pid 7664:tid 1260] (OS 10054)Une connexion existante a dû être fermée par l’hôte distant.  : [client ::1:61953] AH01075: Error dispatching request to :10004: , referer: http://localhost:10004/wp-admin/admin-ajax.php?action=wp_1_wc_regenerate_images&nonce=8f6b1374e3
[Fri Jan 15 14:26:48.225482 2021] [proxy_fcgi:error] [pid 7664:tid 1232] (OS 10054)Une connexion existante a dû être fermée par l’hôte distant.  : [client ::1:61961] AH01075: Error dispatching request to :10004: , referer: http://localhost:10004/wp-cron.php?doing_wp_cron=1610717206.6353170871734619140625
[Fri Jan 15 14:26:48.225482 2021] [proxy_fcgi:error] [pid 7664:tid 1276] (OS 10054)Une connexion existante a dû être fermée par l’hôte distant.  : [client ::1:61958] AH01075: Error dispatching request to :10004: , referer: http://localhost:10004/wp-admin/admin-ajax.php?action=wp_1_wc_regenerate_images&nonce=f43600d15f
[Mon Jan 18 10:58:04.178591 2021] [proxy_fcgi:error] [pid 3780:tid 1276] [client ::1:54599] AH01067: Failed to read FastCGI header, referer: http://localhost:10004/wp-admin/post.php?post=95&action=edit
[Mon Jan 18 10:58:04.179589 2021] [proxy_fcgi:error] [pid 3780:tid 1276] (OS 10054)Une connexion existante a dû être fermée par l’hôte distant.  : [client ::1:54599] AH01075: Error dispatching request to :10004: , referer: http://localhost:10004/wp-admin/post.php?post=95&action=edit
[Mon Jan 18 12:24:56.790543 2021] [proxy_fcgi:error] [pid 3780:tid 1296] [client ::1:57831] AH01067: Failed to read FastCGI header, referer: http://localhost:10004/wp-admin/term.php?taxonomy=product_cat&tag_ID=31&post_type=product&wp_http_referer=%2Fwp-admin%2Fedit-tags.php%3Ftaxonomy%3Dproduct_cat%26post_type%3Dproduct
[Mon Jan 18 12:24:56.790543 2021] [proxy_fcgi:error] [pid 3780:tid 1264] [client ::1:57845] AH01067: Failed to read FastCGI header, referer: http://localhost:10004/wp-admin/term.php?taxonomy=product_cat&tag_ID=31&post_type=product&wp_http_referer=%2Fwp-admin%2Fedit-tags.php%3Ftaxonomy%3Dproduct_cat%26post_type%3Dproduct
[Mon Jan 18 12:24:56.790543 2021] [proxy_fcgi:error] [pid 3780:tid 1296] (OS 10054)Une connexion existante a dû être fermée par l’hôte distant.  : [client ::1:57831] AH01075: Error dispatching request to :10004: , referer: http://localhost:10004/wp-admin/term.php?taxonomy=product_cat&tag_ID=31&post_type=product&wp_http_referer=%2Fwp-admin%2Fedit-tags.php%3Ftaxonomy%3Dproduct_cat%26post_type%3Dproduct
[Mon Jan 18 12:24:56.790543 2021] [proxy_fcgi:error] [pid 3780:tid 1264] (OS 10054)Une connexion existante a dû être fermée par l’hôte distant.  : [client ::1:57845] AH01075: Error dispatching request to :10004: , referer: http://localhost:10004/wp-admin/term.php?taxonomy=product_cat&tag_ID=31&post_type=product&wp_http_referer=%2Fwp-admin%2Fedit-tags.php%3Ftaxonomy%3Dproduct_cat%26post_type%3Dproduct
[Mon Jan 18 14:19:59.484049 2021] [proxy_fcgi:error] [pid 3780:tid 1272] [client ::1:59672] AH01067: Failed to read FastCGI header, referer: http://localhost:10004/wp-admin/post-new.php?post_type=product
[Mon Jan 18 14:19:59.484049 2021] [proxy_fcgi:error] [pid 3780:tid 1272] (OS 10054)Une connexion existante a dû être fermée par l’hôte distant.  : [client ::1:59672] AH01075: Error dispatching request to :10004: , referer: http://localhost:10004/wp-admin/post-new.php?post_type=product
[Mon Jan 18 15:12:42.359759 2021] [proxy_fcgi:error] [pid 3780:tid 1264] [client ::1:61378] AH01067: Failed to read FastCGI header, referer: http://localhost:10004/wp-admin/post.php?post=12&action=edit
[Mon Jan 18 15:12:42.360752 2021] [proxy_fcgi:error] [pid 3780:tid 1264] (OS 10054)Une connexion existante a dû être fermée par l’hôte distant.  : [client ::1:61378] AH01075: Error dispatching request to :10004: , referer: http://localhost:10004/wp-admin/post.php?post=12&action=edit
[Mon Jan 18 18:15:40.539492 2021] [proxy_fcgi:error] [pid 3780:tid 1268] [client ::1:60748] AH01067: Failed to read FastCGI header, referer: http://localhost:10004/wp-admin/edit.php?post_type=product
[Mon Jan 18 18:15:40.539492 2021] [proxy_fcgi:error] [pid 3780:tid 1272] [client ::1:60751] AH01067: Failed to read FastCGI header, referer: http://localhost:10004/wp-cron.php?doing_wp_cron=1610990138.2378849983215332031250
[Mon Jan 18 18:15:40.540490 2021] [proxy_fcgi:error] [pid 3780:tid 1272] (OS 10054)Une connexion existante a dû être fermée par l’hôte distant.  : [client ::1:60751] AH01075: Error dispatching request to :10004: , referer: http://localhost:10004/wp-cron.php?doing_wp_cron=1610990138.2378849983215332031250
[Mon Jan 18 18:15:40.540490 2021] [proxy_fcgi:error] [pid 3780:tid 1268] (OS 10054)Une connexion existante a dû être fermée par l’hôte distant.  : [client ::1:60748] AH01075: Error dispatching request to :10004: , referer: http://localhost:10004/wp-admin/edit.php?post_type=product
